CRITICAL - 2025-12-31 05:32:47 --> Argument 3 passed to CodeIgniter\Database\BaseBuilder::where() must be of the type bool or null, array given, called in C:\xampp\htdocs\Halwaaz\app\Models\MyModel.php on line 163
#0 C:\xampp\htdocs\Halwaaz\app\Models\MyModel.php(163): CodeIgniter\Database\BaseBuilder->where('c.user_id', '5', Array)
#1 C:\xampp\htdocs\Halwaaz\app\Controllers\MyController.php(463): App\Models\MyModel->user_cartitems('5')
#2 C:\xampp\htdocs\Halwaaz\system\CodeIgniter.php(832): App\Controllers\MyController->cart()
#3 C:\xampp\htdocs\Halwaaz\system\CodeIgniter.php(419): CodeIgniter\CodeIgniter->runController(Object(App\Controllers\MyController))
#4 C:\xampp\htdocs\Halwaaz\system\CodeIgniter.php(326): CodeIgniter\CodeIgniter->handleRequest(NULL, Object(Config\Cache), false)
#5 C:\xampp\htdocs\Halwaaz\index.php(37): CodeIgniter\CodeIgniter->run()
#6 {main}
ERROR - 2025-12-31 05:34:07 --> You have an error in your SQL syntax; check the manual that corresponds to your MariaDB server version for the right syntax to use near ':0:
AND 1 = :1:
AND `c`.`status` = :c.status:' at line 4
CRITICAL - 2025-12-31 05:34:07 --> You have an error in your SQL syntax; check the manual that corresponds to your MariaDB server version for the right syntax to use near ':0:
AND 1 = :1:
AND `c`.`status` = :c.status:' at line 4
#0 C:\xampp\htdocs\Halwaaz\system\Database\MySQLi\Connection.php(292): mysqli->query('SELECT `c`.`id`...', 0)
#1 C:\xampp\htdocs\Halwaaz\system\Database\BaseConnection.php(670): CodeIgniter\Database\MySQLi\Connection->execute('SELECT `c`.`id`...')
#2 C:\xampp\htdocs\Halwaaz\system\Database\BaseConnection.php(598): CodeIgniter\Database\BaseConnection->simpleQuery('SELECT `c`.`id`...')
#3 C:\xampp\htdocs\Halwaaz\system\Database\BaseBuilder.php(1455): CodeIgniter\Database\BaseConnection->query('SELECT `c`.`id`...', Array, false)
#4 C:\xampp\htdocs\Halwaaz\app\Models\MyModel.php(164): CodeIgniter\Database\BaseBuilder->get()
#5 C:\xampp\htdocs\Halwaaz\app\Controllers\MyController.php(463): App\Models\MyModel->user_cartitems('5')
#6 C:\xampp\htdocs\Halwaaz\system\CodeIgniter.php(832): App\Controllers\MyController->cart()
#7 C:\xampp\htdocs\Halwaaz\system\CodeIgniter.php(419): CodeIgniter\CodeIgniter->runController(Object(App\Controllers\MyController))
#8 C:\xampp\htdocs\Halwaaz\system\CodeIgniter.php(326): CodeIgniter\CodeIgniter->handleRequest(NULL, Object(Config\Cache), false)
#9 C:\xampp\htdocs\Halwaaz\index.php(37): CodeIgniter\CodeIgniter->run()
#10 {main}
CRITICAL - 2025-12-31 06:33:32 --> Undefined variable: cart_items
#0 C:\xampp\htdocs\Halwaaz\app\Controllers\MyController.php(595): CodeIgniter\Debug\Exceptions->errorHandler(8, 'Undefined varia...', 'C:\\xampp\\htdocs...', 595, Array)
#1 C:\xampp\htdocs\Halwaaz\system\CodeIgniter.php(832): App\Controllers\MyController->cart_plus()
#2 C:\xampp\htdocs\Halwaaz\system\CodeIgniter.php(419): CodeIgniter\CodeIgniter->runController(Object(App\Controllers\MyController))
#3 C:\xampp\htdocs\Halwaaz\system\CodeIgniter.php(326): CodeIgniter\CodeIgniter->handleRequest(NULL, Object(Config\Cache), false)
#4 C:\xampp\htdocs\Halwaaz\index.php(37): CodeIgniter\CodeIgniter->run()
#5 {main}
CRITICAL - 2025-12-31 06:33:40 --> Undefined variable: cart_items
#0 C:\xampp\htdocs\Halwaaz\app\Controllers\MyController.php(595): CodeIgniter\Debug\Exceptions->errorHandler(8, 'Undefined varia...', 'C:\\xampp\\htdocs...', 595, Array)
#1 C:\xampp\htdocs\Halwaaz\system\CodeIgniter.php(832): App\Controllers\MyController->cart_plus()
#2 C:\xampp\htdocs\Halwaaz\system\CodeIgniter.php(419): CodeIgniter\CodeIgniter->runController(Object(App\Controllers\MyController))
#3 C:\xampp\htdocs\Halwaaz\system\CodeIgniter.php(326): CodeIgniter\CodeIgniter->handleRequest(NULL, Object(Config\Cache), false)
#4 C:\xampp\htdocs\Halwaaz\index.php(37): CodeIgniter\CodeIgniter->run()
#5 {main}
