ERROR - 2026-01-12 00:01:08 --> Unknown column 'oi.quantity' in 'field list'
CRITICAL - 2026-01-12 00:01:08 --> Unknown column 'oi.quantity' in 'field list'
#0 C:\xampp\htdocs\Halwaaz\system\Database\MySQLi\Connection.php(292): mysqli->query('SELECT `u`.`nam...', 0)
#1 C:\xampp\htdocs\Halwaaz\system\Database\BaseConnection.php(670): CodeIgniter\Database\MySQLi\Connection->execute('SELECT `u`.`nam...')
#2 C:\xampp\htdocs\Halwaaz\system\Database\BaseConnection.php(598): CodeIgniter\Database\BaseConnection->simpleQuery('SELECT `u`.`nam...')
#3 C:\xampp\htdocs\Halwaaz\system\Database\BaseBuilder.php(1455): CodeIgniter\Database\BaseConnection->query('SELECT `u`.`nam...', Array, false)
#4 C:\xampp\htdocs\Halwaaz\app\Models\MyModel.php(311): CodeIgniter\Database\BaseBuilder->get()
#5 C:\xampp\htdocs\Halwaaz\app\Controllers\MyController.php(1035): App\Models\MyModel->get_sales_report(NULL, NULL, NULL, true)
#6 C:\xampp\htdocs\Halwaaz\system\CodeIgniter.php(832): App\Controllers\MyController->report_pdf1()
#7 C:\xampp\htdocs\Halwaaz\system\CodeIgniter.php(419): CodeIgniter\CodeIgniter->runController(Object(App\Controllers\MyController))
#8 C:\xampp\htdocs\Halwaaz\system\CodeIgniter.php(326): CodeIgniter\CodeIgniter->handleRequest(NULL, Object(Config\Cache), false)
#9 C:\xampp\htdocs\Halwaaz\index.php(37): CodeIgniter\CodeIgniter->run()
#10 {main}
ERROR - 2026-01-12 00:03:23 --> Unknown column 'oi.quantity' in 'field list'
CRITICAL - 2026-01-12 00:03:23 --> Unknown column 'oi.quantity' in 'field list'
#0 C:\xampp\htdocs\Halwaaz\system\Database\MySQLi\Connection.php(292): mysqli->query('SELECT `u`.`nam...', 0)
#1 C:\xampp\htdocs\Halwaaz\system\Database\BaseConnection.php(670): CodeIgniter\Database\MySQLi\Connection->execute('SELECT `u`.`nam...')
#2 C:\xampp\htdocs\Halwaaz\system\Database\BaseConnection.php(598): CodeIgniter\Database\BaseConnection->simpleQuery('SELECT `u`.`nam...')
#3 C:\xampp\htdocs\Halwaaz\system\Database\BaseBuilder.php(1455): CodeIgniter\Database\BaseConnection->query('SELECT `u`.`nam...', Array, false)
#4 C:\xampp\htdocs\Halwaaz\app\Models\MyModel.php(311): CodeIgniter\Database\BaseBuilder->get()
#5 C:\xampp\htdocs\Halwaaz\app\Controllers\MyController.php(1037): App\Models\MyModel->get_sales_report(NULL, NULL, NULL, true)
#6 C:\xampp\htdocs\Halwaaz\system\CodeIgniter.php(832): App\Controllers\MyController->report_pdf1()
#7 C:\xampp\htdocs\Halwaaz\system\CodeIgniter.php(419): CodeIgniter\CodeIgniter->runController(Object(App\Controllers\MyController))
#8 C:\xampp\htdocs\Halwaaz\system\CodeIgniter.php(326): CodeIgniter\CodeIgniter->handleRequest(NULL, Object(Config\Cache), false)
#9 C:\xampp\htdocs\Halwaaz\index.php(37): CodeIgniter\CodeIgniter->run()
#10 {main}
ERROR - 2026-01-12 00:03:26 --> Unknown column 'oi.quantity' in 'field list'
CRITICAL - 2026-01-12 00:03:26 --> Unknown column 'oi.quantity' in 'field list'
#0 C:\xampp\htdocs\Halwaaz\system\Database\MySQLi\Connection.php(292): mysqli->query('SELECT `u`.`nam...', 0)
#1 C:\xampp\htdocs\Halwaaz\system\Database\BaseConnection.php(670): CodeIgniter\Database\MySQLi\Connection->execute('SELECT `u`.`nam...')
#2 C:\xampp\htdocs\Halwaaz\system\Database\BaseConnection.php(598): CodeIgniter\Database\BaseConnection->simpleQuery('SELECT `u`.`nam...')
#3 C:\xampp\htdocs\Halwaaz\system\Database\BaseBuilder.php(1455): CodeIgniter\Database\BaseConnection->query('SELECT `u`.`nam...', Array, false)
#4 C:\xampp\htdocs\Halwaaz\app\Models\MyModel.php(311): CodeIgniter\Database\BaseBuilder->get()
#5 C:\xampp\htdocs\Halwaaz\app\Controllers\MyController.php(1037): App\Models\MyModel->get_sales_report(NULL, NULL, NULL, true)
#6 C:\xampp\htdocs\Halwaaz\system\CodeIgniter.php(832): App\Controllers\MyController->report_pdf1()
#7 C:\xampp\htdocs\Halwaaz\system\CodeIgniter.php(419): CodeIgniter\CodeIgniter->runController(Object(App\Controllers\MyController))
#8 C:\xampp\htdocs\Halwaaz\system\CodeIgniter.php(326): CodeIgniter\CodeIgniter->handleRequest(NULL, Object(Config\Cache), false)
#9 C:\xampp\htdocs\Halwaaz\index.php(37): CodeIgniter\CodeIgniter->run()
#10 {main}
ERROR - 2026-01-12 00:03:45 --> Unknown column 'oi.quantity' in 'field list'
CRITICAL - 2026-01-12 00:03:45 --> Unknown column 'oi.quantity' in 'field list'
#0 C:\xampp\htdocs\Halwaaz\system\Database\MySQLi\Connection.php(292): mysqli->query('SELECT `u`.`nam...', 0)
#1 C:\xampp\htdocs\Halwaaz\system\Database\BaseConnection.php(670): CodeIgniter\Database\MySQLi\Connection->execute('SELECT `u`.`nam...')
#2 C:\xampp\htdocs\Halwaaz\system\Database\BaseConnection.php(598): CodeIgniter\Database\BaseConnection->simpleQuery('SELECT `u`.`nam...')
#3 C:\xampp\htdocs\Halwaaz\system\Database\BaseBuilder.php(1455): CodeIgniter\Database\BaseConnection->query('SELECT `u`.`nam...', Array, false)
#4 C:\xampp\htdocs\Halwaaz\app\Models\MyModel.php(311): CodeIgniter\Database\BaseBuilder->get()
#5 C:\xampp\htdocs\Halwaaz\app\Controllers\MyController.php(1037): App\Models\MyModel->get_sales_report(NULL, NULL, NULL, true)
#6 C:\xampp\htdocs\Halwaaz\system\CodeIgniter.php(832): App\Controllers\MyController->report_pdf1()
#7 C:\xampp\htdocs\Halwaaz\system\CodeIgniter.php(419): CodeIgniter\CodeIgniter->runController(Object(App\Controllers\MyController))
#8 C:\xampp\htdocs\Halwaaz\system\CodeIgniter.php(326): CodeIgniter\CodeIgniter->handleRequest(NULL, Object(Config\Cache), false)
#9 C:\xampp\htdocs\Halwaaz\index.php(37): CodeIgniter\CodeIgniter->run()
#10 {main}
ERROR - 2026-01-12 00:03:47 --> Unknown column 'oi.quantity' in 'field list'
CRITICAL - 2026-01-12 00:03:47 --> Unknown column 'oi.quantity' in 'field list'
#0 C:\xampp\htdocs\Halwaaz\system\Database\MySQLi\Connection.php(292): mysqli->query('SELECT `u`.`nam...', 0)
#1 C:\xampp\htdocs\Halwaaz\system\Database\BaseConnection.php(670): CodeIgniter\Database\MySQLi\Connection->execute('SELECT `u`.`nam...')
#2 C:\xampp\htdocs\Halwaaz\system\Database\BaseConnection.php(598): CodeIgniter\Database\BaseConnection->simpleQuery('SELECT `u`.`nam...')
#3 C:\xampp\htdocs\Halwaaz\system\Database\BaseBuilder.php(1455): CodeIgniter\Database\BaseConnection->query('SELECT `u`.`nam...', Array, false)
#4 C:\xampp\htdocs\Halwaaz\app\Models\MyModel.php(311): CodeIgniter\Database\BaseBuilder->get()
#5 C:\xampp\htdocs\Halwaaz\app\Controllers\MyController.php(1037): App\Models\MyModel->get_sales_report(NULL, NULL, NULL, true)
#6 C:\xampp\htdocs\Halwaaz\system\CodeIgniter.php(832): App\Controllers\MyController->report_pdf1()
#7 C:\xampp\htdocs\Halwaaz\system\CodeIgniter.php(419): CodeIgniter\CodeIgniter->runController(Object(App\Controllers\MyController))
#8 C:\xampp\htdocs\Halwaaz\system\CodeIgniter.php(326): CodeIgniter\CodeIgniter->handleRequest(NULL, Object(Config\Cache), false)
#9 C:\xampp\htdocs\Halwaaz\index.php(37): CodeIgniter\CodeIgniter->run()
#10 {main}
ERROR - 2026-01-12 00:03:49 --> Unknown column 'oi.quantity' in 'field list'
CRITICAL - 2026-01-12 00:03:49 --> Unknown column 'oi.quantity' in 'field list'
#0 C:\xampp\htdocs\Halwaaz\system\Database\MySQLi\Connection.php(292): mysqli->query('SELECT `u`.`nam...', 0)
#1 C:\xampp\htdocs\Halwaaz\system\Database\BaseConnection.php(670): CodeIgniter\Database\MySQLi\Connection->execute('SELECT `u`.`nam...')
#2 C:\xampp\htdocs\Halwaaz\system\Database\BaseConnection.php(598): CodeIgniter\Database\BaseConnection->simpleQuery('SELECT `u`.`nam...')
#3 C:\xampp\htdocs\Halwaaz\system\Database\BaseBuilder.php(1455): CodeIgniter\Database\BaseConnection->query('SELECT `u`.`nam...', Array, false)
#4 C:\xampp\htdocs\Halwaaz\app\Models\MyModel.php(311): CodeIgniter\Database\BaseBuilder->get()
#5 C:\xampp\htdocs\Halwaaz\app\Controllers\MyController.php(1037): App\Models\MyModel->get_sales_report(NULL, NULL, NULL, true)
#6 C:\xampp\htdocs\Halwaaz\system\CodeIgniter.php(832): App\Controllers\MyController->report_pdf1()
#7 C:\xampp\htdocs\Halwaaz\system\CodeIgniter.php(419): CodeIgniter\CodeIgniter->runController(Object(App\Controllers\MyController))
#8 C:\xampp\htdocs\Halwaaz\system\CodeIgniter.php(326): CodeIgniter\CodeIgniter->handleRequest(NULL, Object(Config\Cache), false)
#9 C:\xampp\htdocs\Halwaaz\index.php(37): CodeIgniter\CodeIgniter->run()
#10 {main}
ERROR - 2026-01-12 00:04:02 --> Unknown column 'oi.quantity' in 'field list'
CRITICAL - 2026-01-12 00:04:02 --> Unknown column 'oi.quantity' in 'field list'
#0 C:\xampp\htdocs\Halwaaz\system\Database\MySQLi\Connection.php(292): mysqli->query('SELECT `u`.`nam...', 0)
#1 C:\xampp\htdocs\Halwaaz\system\Database\BaseConnection.php(670): CodeIgniter\Database\MySQLi\Connection->execute('SELECT `u`.`nam...')
#2 C:\xampp\htdocs\Halwaaz\system\Database\BaseConnection.php(598): CodeIgniter\Database\BaseConnection->simpleQuery('SELECT `u`.`nam...')
#3 C:\xampp\htdocs\Halwaaz\system\Database\BaseBuilder.php(1455): CodeIgniter\Database\BaseConnection->query('SELECT `u`.`nam...', Array, false)
#4 C:\xampp\htdocs\Halwaaz\app\Models\MyModel.php(311): CodeIgniter\Database\BaseBuilder->get()
#5 C:\xampp\htdocs\Halwaaz\app\Controllers\MyController.php(1037): App\Models\MyModel->get_sales_report(NULL, NULL, NULL, true)
#6 C:\xampp\htdocs\Halwaaz\system\CodeIgniter.php(832): App\Controllers\MyController->report_pdf1()
#7 C:\xampp\htdocs\Halwaaz\system\CodeIgniter.php(419): CodeIgniter\CodeIgniter->runController(Object(App\Controllers\MyController))
#8 C:\xampp\htdocs\Halwaaz\system\CodeIgniter.php(326): CodeIgniter\CodeIgniter->handleRequest(NULL, Object(Config\Cache), false)
#9 C:\xampp\htdocs\Halwaaz\index.php(37): CodeIgniter\CodeIgniter->run()
#10 {main}
ERROR - 2026-01-12 00:04:05 --> Unknown column 'oi.quantity' in 'field list'
CRITICAL - 2026-01-12 00:04:05 --> Unknown column 'oi.quantity' in 'field list'
#0 C:\xampp\htdocs\Halwaaz\system\Database\MySQLi\Connection.php(292): mysqli->query('SELECT `u`.`nam...', 0)
#1 C:\xampp\htdocs\Halwaaz\system\Database\BaseConnection.php(670): CodeIgniter\Database\MySQLi\Connection->execute('SELECT `u`.`nam...')
#2 C:\xampp\htdocs\Halwaaz\system\Database\BaseConnection.php(598): CodeIgniter\Database\BaseConnection->simpleQuery('SELECT `u`.`nam...')
#3 C:\xampp\htdocs\Halwaaz\system\Database\BaseBuilder.php(1455): CodeIgniter\Database\BaseConnection->query('SELECT `u`.`nam...', Array, false)
#4 C:\xampp\htdocs\Halwaaz\app\Models\MyModel.php(311): CodeIgniter\Database\BaseBuilder->get()
#5 C:\xampp\htdocs\Halwaaz\app\Controllers\MyController.php(1037): App\Models\MyModel->get_sales_report(NULL, NULL, NULL, true)
#6 C:\xampp\htdocs\Halwaaz\system\CodeIgniter.php(832): App\Controllers\MyController->report_pdf1()
#7 C:\xampp\htdocs\Halwaaz\system\CodeIgniter.php(419): CodeIgniter\CodeIgniter->runController(Object(App\Controllers\MyController))
#8 C:\xampp\htdocs\Halwaaz\system\CodeIgniter.php(326): CodeIgniter\CodeIgniter->handleRequest(NULL, Object(Config\Cache), false)
#9 C:\xampp\htdocs\Halwaaz\index.php(37): CodeIgniter\CodeIgniter->run()
#10 {main}
ERROR - 2026-01-12 00:07:59 --> Unknown column 'oi.quantity' in 'field list'
CRITICAL - 2026-01-12 00:07:59 --> Unknown column 'oi.quantity' in 'field list'
#0 C:\xampp\htdocs\Halwaaz\system\Database\MySQLi\Connection.php(292): mysqli->query('SELECT `u`.`use...', 0)
#1 C:\xampp\htdocs\Halwaaz\system\Database\BaseConnection.php(670): CodeIgniter\Database\MySQLi\Connection->execute('SELECT `u`.`use...')
#2 C:\xampp\htdocs\Halwaaz\system\Database\BaseConnection.php(598): CodeIgniter\Database\BaseConnection->simpleQuery('SELECT `u`.`use...')
#3 C:\xampp\htdocs\Halwaaz\system\Database\BaseBuilder.php(1455): CodeIgniter\Database\BaseConnection->query('SELECT `u`.`use...', Array, false)
#4 C:\xampp\htdocs\Halwaaz\app\Models\MyModel.php(389): CodeIgniter\Database\BaseBuilder->get()
#5 C:\xampp\htdocs\Halwaaz\app\Controllers\MyController.php(1037): App\Models\MyModel->get_sales_report1(NULL, NULL, NULL, true)
#6 C:\xampp\htdocs\Halwaaz\system\CodeIgniter.php(832): App\Controllers\MyController->report_pdf1()
#7 C:\xampp\htdocs\Halwaaz\system\CodeIgniter.php(419): CodeIgniter\CodeIgniter->runController(Object(App\Controllers\MyController))
#8 C:\xampp\htdocs\Halwaaz\system\CodeIgniter.php(326): CodeIgniter\CodeIgniter->handleRequest(NULL, Object(Config\Cache), false)
#9 C:\xampp\htdocs\Halwaaz\index.php(37): CodeIgniter\CodeIgniter->run()
#10 {main}
ERROR - 2026-01-12 00:08:49 --> Unknown column 'o.quantity' in 'field list'
CRITICAL - 2026-01-12 00:08:49 --> Unknown column 'o.quantity' in 'field list'
#0 C:\xampp\htdocs\Halwaaz\system\Database\MySQLi\Connection.php(292): mysqli->query('SELECT `u`.`use...', 0)
#1 C:\xampp\htdocs\Halwaaz\system\Database\BaseConnection.php(670): CodeIgniter\Database\MySQLi\Connection->execute('SELECT `u`.`use...')
#2 C:\xampp\htdocs\Halwaaz\system\Database\BaseConnection.php(598): CodeIgniter\Database\BaseConnection->simpleQuery('SELECT `u`.`use...')
#3 C:\xampp\htdocs\Halwaaz\system\Database\BaseBuilder.php(1455): CodeIgniter\Database\BaseConnection->query('SELECT `u`.`use...', Array, false)
#4 C:\xampp\htdocs\Halwaaz\app\Models\MyModel.php(389): CodeIgniter\Database\BaseBuilder->get()
#5 C:\xampp\htdocs\Halwaaz\app\Controllers\MyController.php(1037): App\Models\MyModel->get_sales_report1(NULL, NULL, NULL, true)
#6 C:\xampp\htdocs\Halwaaz\system\CodeIgniter.php(832): App\Controllers\MyController->report_pdf1()
#7 C:\xampp\htdocs\Halwaaz\system\CodeIgniter.php(419): CodeIgniter\CodeIgniter->runController(Object(App\Controllers\MyController))
#8 C:\xampp\htdocs\Halwaaz\system\CodeIgniter.php(326): CodeIgniter\CodeIgniter->handleRequest(NULL, Object(Config\Cache), false)
#9 C:\xampp\htdocs\Halwaaz\index.php(37): CodeIgniter\CodeIgniter->run()
#10 {main}
ERROR - 2026-01-12 00:08:54 --> Unknown column 'o.quantity' in 'field list'
CRITICAL - 2026-01-12 00:08:54 --> Unknown column 'o.quantity' in 'field list'
#0 C:\xampp\htdocs\Halwaaz\system\Database\MySQLi\Connection.php(292): mysqli->query('SELECT `u`.`use...', 0)
#1 C:\xampp\htdocs\Halwaaz\system\Database\BaseConnection.php(670): CodeIgniter\Database\MySQLi\Connection->execute('SELECT `u`.`use...')
#2 C:\xampp\htdocs\Halwaaz\system\Database\BaseConnection.php(598): CodeIgniter\Database\BaseConnection->simpleQuery('SELECT `u`.`use...')
#3 C:\xampp\htdocs\Halwaaz\system\Database\BaseBuilder.php(1455): CodeIgniter\Database\BaseConnection->query('SELECT `u`.`use...', Array, false)
#4 C:\xampp\htdocs\Halwaaz\app\Models\MyModel.php(389): CodeIgniter\Database\BaseBuilder->get()
#5 C:\xampp\htdocs\Halwaaz\app\Controllers\MyController.php(1037): App\Models\MyModel->get_sales_report1(NULL, NULL, NULL, true)
#6 C:\xampp\htdocs\Halwaaz\system\CodeIgniter.php(832): App\Controllers\MyController->report_pdf1()
#7 C:\xampp\htdocs\Halwaaz\system\CodeIgniter.php(419): CodeIgniter\CodeIgniter->runController(Object(App\Controllers\MyController))
#8 C:\xampp\htdocs\Halwaaz\system\CodeIgniter.php(326): CodeIgniter\CodeIgniter->handleRequest(NULL, Object(Config\Cache), false)
#9 C:\xampp\htdocs\Halwaaz\index.php(37): CodeIgniter\CodeIgniter->run()
#10 {main}
CRITICAL - 2026-01-12 01:01:00 --> Invalid file: reports/itemwise_table.php
#0 C:\xampp\htdocs\Halwaaz\system\View\View.php(198): CodeIgniter\Exceptions\FrameworkException::forInvalidFile('reports/itemwis...')
#1 C:\xampp\htdocs\Halwaaz\system\Common.php(1089): CodeIgniter\View\View->render('reports/itemwis...', Array, true)
#2 C:\xampp\htdocs\Halwaaz\app\Controllers\MyController.php(994): view('reports/itemwis...', Array)
#3 C:\xampp\htdocs\Halwaaz\system\CodeIgniter.php(832): App\Controllers\MyController->report_pdf()
#4 C:\xampp\htdocs\Halwaaz\system\CodeIgniter.php(419): CodeIgniter\CodeIgniter->runController(Object(App\Controllers\MyController))
#5 C:\xampp\htdocs\Halwaaz\system\CodeIgniter.php(326): CodeIgniter\CodeIgniter->handleRequest(NULL, Object(Config\Cache), false)
#6 C:\xampp\htdocs\Halwaaz\index.php(37): CodeIgniter\CodeIgniter->run()
#7 {main}
CRITICAL - 2026-01-12 02:58:50 --> Call to undefined method App\Models\MyModel::get_cart_count
#0 C:\xampp\htdocs\Halwaaz\app\Controllers\MyController.php(479): CodeIgniter\Model->__call('get_cart_count', Array)
#1 C:\xampp\htdocs\Halwaaz\system\CodeIgniter.php(832): App\Controllers\MyController->cart()
#2 C:\xampp\htdocs\Halwaaz\system\CodeIgniter.php(419): CodeIgniter\CodeIgniter->runController(Object(App\Controllers\MyController))
#3 C:\xampp\htdocs\Halwaaz\system\CodeIgniter.php(326): CodeIgniter\CodeIgniter->handleRequest(NULL, Object(Config\Cache), false)
#4 C:\xampp\htdocs\Halwaaz\index.php(37): CodeIgniter\CodeIgniter->run()
#5 {main}
CRITICAL - 2026-01-12 03:09:33 --> Undefined variable $userid
#0 C:\xampp\htdocs\Halwaaz\app\Controllers\MyController.php(825): CodeIgniter\Debug\Exceptions->errorHandler(2, 'Undefined varia...', 'C:\\xampp\\htdocs...', 825)
#1 C:\xampp\htdocs\Halwaaz\system\CodeIgniter.php(832): App\Controllers\MyController->my_orders()
#2 C:\xampp\htdocs\Halwaaz\system\CodeIgniter.php(419): CodeIgniter\CodeIgniter->runController(Object(App\Controllers\MyController))
#3 C:\xampp\htdocs\Halwaaz\system\CodeIgniter.php(326): CodeIgniter\CodeIgniter->handleRequest(NULL, Object(Config\Cache), false)
#4 C:\xampp\htdocs\Halwaaz\index.php(37): CodeIgniter\CodeIgniter->run()
#5 {main}
CRITICAL - 2026-01-12 03:14:52 --> Undefined variable $userid
#0 C:\xampp\htdocs\Halwaaz\app\Controllers\MyController.php(858): CodeIgniter\Debug\Exceptions->errorHandler(2, 'Undefined varia...', 'C:\\xampp\\htdocs...', 858)
#1 C:\xampp\htdocs\Halwaaz\system\CodeIgniter.php(832): App\Controllers\MyController->order_details('29')
#2 C:\xampp\htdocs\Halwaaz\system\CodeIgniter.php(419): CodeIgniter\CodeIgniter->runController(Object(App\Controllers\MyController))
#3 C:\xampp\htdocs\Halwaaz\system\CodeIgniter.php(326): CodeIgniter\CodeIgniter->handleRequest(NULL, Object(Config\Cache), false)
#4 C:\xampp\htdocs\Halwaaz\index.php(37): CodeIgniter\CodeIgniter->run()
#5 {main}
