CRITICAL - 2026-01-21 02:23:04 --> trim(): Passing null to parameter #1 ($string) of type string is deprecated
#0 [internal function]: CodeIgniter\Debug\Exceptions->errorHandler(8192, 'trim(): Passing...', 'C:\\xampp\\htdocs...', 373)
#1 C:\xampp\htdocs\Halwaaz\app\Controllers\MyController.php(373): trim(NULL)
#2 C:\xampp\htdocs\Halwaaz\system\CodeIgniter.php(832): App\Controllers\MyController->items_list()
#3 C:\xampp\htdocs\Halwaaz\system\CodeIgniter.php(419): CodeIgniter\CodeIgniter->runController(Object(App\Controllers\MyController))
#4 C:\xampp\htdocs\Halwaaz\system\CodeIgniter.php(326): CodeIgniter\CodeIgniter->handleRequest(NULL, Object(Config\Cache), false)
#5 C:\xampp\htdocs\Halwaaz\index.php(37): CodeIgniter\CodeIgniter->run()
#6 {main}
CRITICAL - 2026-01-21 02:23:42 --> trim(): Passing null to parameter #1 ($string) of type string is deprecated
#0 [internal function]: CodeIgniter\Debug\Exceptions->errorHandler(8192, 'trim(): Passing...', 'C:\\xampp\\htdocs...', 373)
#1 C:\xampp\htdocs\Halwaaz\app\Controllers\MyController.php(373): trim(NULL)
#2 C:\xampp\htdocs\Halwaaz\system\CodeIgniter.php(832): App\Controllers\MyController->items_list()
#3 C:\xampp\htdocs\Halwaaz\system\CodeIgniter.php(419): CodeIgniter\CodeIgniter->runController(Object(App\Controllers\MyController))
#4 C:\xampp\htdocs\Halwaaz\system\CodeIgniter.php(326): CodeIgniter\CodeIgniter->handleRequest(NULL, Object(Config\Cache), false)
#5 C:\xampp\htdocs\Halwaaz\index.php(37): CodeIgniter\CodeIgniter->run()
#6 {main}
CRITICAL - 2026-01-21 02:23:45 --> trim(): Passing null to parameter #1 ($string) of type string is deprecated
#0 [internal function]: CodeIgniter\Debug\Exceptions->errorHandler(8192, 'trim(): Passing...', 'C:\\xampp\\htdocs...', 373)
#1 C:\xampp\htdocs\Halwaaz\app\Controllers\MyController.php(373): trim(NULL)
#2 C:\xampp\htdocs\Halwaaz\system\CodeIgniter.php(832): App\Controllers\MyController->items_list()
#3 C:\xampp\htdocs\Halwaaz\system\CodeIgniter.php(419): CodeIgniter\CodeIgniter->runController(Object(App\Controllers\MyController))
#4 C:\xampp\htdocs\Halwaaz\system\CodeIgniter.php(326): CodeIgniter\CodeIgniter->handleRequest(NULL, Object(Config\Cache), false)
#5 C:\xampp\htdocs\Halwaaz\index.php(37): CodeIgniter\CodeIgniter->run()
#6 {main}
CRITICAL - 2026-01-21 03:21:01 --> Unclosed '{' on line 10
#0 C:\xampp\htdocs\Halwaaz\system\Autoloader\Autoloader.php(241): CodeIgniter\Autoloader\Autoloader->includeFile('C:\\xampp\\htdocs...')
#1 C:\xampp\htdocs\Halwaaz\system\Autoloader\Autoloader.php(219): CodeIgniter\Autoloader\Autoloader->loadInNamespace('App\\Controllers...')
#2 [internal function]: CodeIgniter\Autoloader\Autoloader->loadClass('App\\Controllers...')
#3 C:\xampp\htdocs\Halwaaz\system\CodeIgniter.php(797): class_exists('\\App\\Controller...', true)
#4 C:\xampp\htdocs\Halwaaz\system\CodeIgniter.php(406): CodeIgniter\CodeIgniter->startController()
#5 C:\xampp\htdocs\Halwaaz\system\CodeIgniter.php(326): CodeIgniter\CodeIgniter->handleRequest(NULL, Object(Config\Cache), false)
#6 C:\xampp\htdocs\Halwaaz\index.php(37): CodeIgniter\CodeIgniter->run()
#7 {main}
